[2023-09-03 11:07:43,074: INFO: data_ingestion: Data ingestion successful.]
[2023-09-03 11:07:46,066: INFO: data_cleaning: Colum dropping successful.]
[2023-09-03 11:07:46,078: INFO: data_cleaning: Label encoding successful.]
[2023-09-03 11:07:46,079: INFO: data_cleaning: Data Preprocessing successful.]
[2023-09-03 11:07:46,092: INFO: data_cleaning: Data dividing successful.]
[2023-09-03 11:07:46,093: INFO: data_cleaning: Data cleaning successful.]
[2023-09-03 11:07:57,505: INFO: model_development: Training Model DecisionTreeClassifier]
[2023-09-03 11:07:57,514: INFO: model_dev: Model DecisionTreeClassifier training successful.]
[2023-09-03 11:07:57,517: INFO: model_development: Optimizing hyperparameters for DecisionTreeClassifier]
[2023-09-03 11:08:04,076: INFO: model_dev: Hyperparameter tuning for DecisionTreeClassifier successful.]
[2023-09-03 11:08:04,095: INFO: model_development: Training Model GradientBoostingClassifier]
[2023-09-03 11:08:04,472: INFO: model_dev: Model GradientBoostingClassifier training successful.]
[2023-09-03 11:08:04,474: INFO: model_development: Optimizing hyperparameters for GradientBoostingClassifier]
[2023-09-03 11:08:09,950: INFO: model_dev: Hyperparameter tuning for GradientBoostingClassifier successful.]
[2023-09-03 11:08:09,961: INFO: model_development: Training Model KNeighborsClassifier]
[2023-09-03 11:08:09,974: INFO: model_dev: Model KNeighborsClassifier training successful.]
[2023-09-03 11:08:09,975: INFO: model_development: Optimizing hyperparameters for KNeighborsClassifier]
[2023-09-03 11:08:09,983: INFO: step_logging: D:\Portf\MLOPs\HR\.env\Lib\site-packages\sklearn\model_selection\_search.py:307: UserWarning: The total space of parameters 8 is smaller than n_iter=10. Running 8 iterations. For exhaustive searches, use GridSearchCV.
  warnings.warn(
]
[2023-09-03 11:08:10,714: INFO: step_logging: D:\Portf\MLOPs\HR\.env\Lib\site-packages\sklearn\model_selection\_search.py:976: UserWarning: One or more of the test scores are non-finite: [       nan 0.56808163        nan 0.5922449         nan 0.6164898
        nan 0.62065306]
  warnings.warn(
]
[2023-09-03 11:08:11,329: INFO: model_dev: Hyperparameter tuning for KNeighborsClassifier successful.]
[2023-09-03 11:08:11,372: INFO: step_logging: Best Model - DecisionTreeClassifier - Best F1 Score: 1.0]
[2023-09-03 11:08:11,376: INFO: step_logging: Best Parameters: {'min_samples_split': 5, 'max_depth': 20}]
[2023-09-03 11:08:11,391: INFO: model_development: Best model saved as 'saved_model/DecisionTreeClassifier_best_model.pkl']
[2023-09-03 11:08:12,470: INFO: step_logging: D:\Portf\MLOPs\HR\.env\Lib\site-packages\zenml\integrations\mlflow\experiment_trackers\mlflow_experiment_tracker.py:242: FutureWarning: ``mlflow.gluon.autolog`` is deprecated since 2.5.0. This method will be removed in a future release.
  gluon.autolog(disable=True)
]
[2023-09-03 11:08:16,005: INFO: model_evaluation: Entered the calculate_score method of the Accuracy class]
[2023-09-03 11:08:16,008: INFO: model_evaluation: The accuracy score value is: 1.0]
[2023-09-03 11:08:16,010: INFO: model_evaluation: Entered the calculate_score method of the Precision class]
[2023-09-03 11:08:16,072: INFO: model_evaluation: The precision score value is: 1.0]
[2023-09-03 11:08:16,154: INFO: model_evaluation: Entered the calculate_score method of the Recall class]
[2023-09-03 11:08:16,205: INFO: model_evaluation: The recall score value is: 1.0]
[2023-09-03 11:08:16,262: INFO: model_evaluation: Entered the calculate_score method of the F1Score class]
[2023-09-03 11:08:16,308: INFO: model_evaluation: The F1 score value is: 1.0]
[2023-09-03 11:12:25,320: INFO: data_ingestion: Data ingestion successful.]
[2023-09-03 11:12:28,378: INFO: data_cleaning: Colum dropping successful.]
[2023-09-03 11:12:28,393: INFO: data_cleaning: Label encoding successful.]
[2023-09-03 11:12:28,394: INFO: data_cleaning: Data Preprocessing successful.]
[2023-09-03 11:12:28,408: INFO: data_cleaning: Data dividing successful.]
[2023-09-03 11:12:28,409: INFO: data_cleaning: Data cleaning successful.]
[2023-09-03 11:12:39,277: INFO: model_development: Training Model DecisionTreeClassifier]
[2023-09-03 11:12:39,284: INFO: model_dev: Model DecisionTreeClassifier training successful.]
[2023-09-03 11:12:39,285: INFO: model_development: Optimizing hyperparameters for DecisionTreeClassifier]
[2023-09-03 11:12:45,206: INFO: model_dev: Hyperparameter tuning for DecisionTreeClassifier successful.]
[2023-09-03 11:12:45,230: INFO: model_development: Training Model GradientBoostingClassifier]
[2023-09-03 11:12:45,458: INFO: model_dev: Model GradientBoostingClassifier training successful.]
[2023-09-03 11:12:45,459: INFO: model_development: Optimizing hyperparameters for GradientBoostingClassifier]
[2023-09-03 11:12:50,678: INFO: model_dev: Hyperparameter tuning for GradientBoostingClassifier successful.]
[2023-09-03 11:12:50,704: INFO: model_development: Training Model KNeighborsClassifier]
[2023-09-03 11:12:50,724: INFO: model_dev: Model KNeighborsClassifier training successful.]
[2023-09-03 11:12:50,726: INFO: model_development: Optimizing hyperparameters for KNeighborsClassifier]
[2023-09-03 11:12:50,738: INFO: step_logging: D:\Portf\MLOPs\HR\.env\Lib\site-packages\sklearn\model_selection\_search.py:307: UserWarning: The total space of parameters 8 is smaller than n_iter=10. Running 8 iterations. For exhaustive searches, use GridSearchCV.
  warnings.warn(
]
[2023-09-03 11:12:51,713: INFO: step_logging: D:\Portf\MLOPs\HR\.env\Lib\site-packages\sklearn\model_selection\_search.py:976: UserWarning: One or more of the test scores are non-finite: [       nan 0.56808163        nan 0.5922449         nan 0.6164898
        nan 0.62065306]
  warnings.warn(
]
[2023-09-03 11:12:52,009: INFO: model_dev: Hyperparameter tuning for KNeighborsClassifier successful.]
[2023-09-03 11:12:52,045: INFO: step_logging: Best Model - DecisionTreeClassifier - Best F1 Score: 1.0]
[2023-09-03 11:12:52,047: INFO: step_logging: Best Parameters: {'min_samples_split': 10, 'max_depth': None}]
[2023-09-03 11:12:52,058: INFO: model_development: Best model saved as 'saved_model/DecisionTreeClassifier_best_model.pkl']
[2023-09-03 11:12:52,555: INFO: step_logging: D:\Portf\MLOPs\HR\.env\Lib\site-packages\zenml\integrations\mlflow\experiment_trackers\mlflow_experiment_tracker.py:242: FutureWarning: ``mlflow.gluon.autolog`` is deprecated since 2.5.0. This method will be removed in a future release.
  gluon.autolog(disable=True)
]
[2023-09-03 11:12:55,456: INFO: model_evaluation: Entered the calculate_score method of the Accuracy class]
[2023-09-03 11:12:55,459: INFO: model_evaluation: The accuracy score value is: 1.0]
[2023-09-03 11:12:55,461: INFO: model_evaluation: Entered the calculate_score method of the Precision class]
[2023-09-03 11:12:55,469: INFO: model_evaluation: The precision score value is: 1.0]
[2023-09-03 11:12:55,473: INFO: model_evaluation: Entered the calculate_score method of the Recall class]
[2023-09-03 11:12:55,480: INFO: model_evaluation: The recall score value is: 1.0]
[2023-09-03 11:12:55,481: INFO: model_evaluation: Entered the calculate_score method of the F1Score class]
[2023-09-03 11:12:55,490: INFO: model_evaluation: The F1 score value is: 1.0]
[2023-09-03 11:13:27,355: INFO: _common: Backing off send_request(...) for 0.5s (requests.exceptions.ReadTimeout: HTTPSConnectionPool(host='api.segment.io', port=443): Read timed out. (read timeout=15))]
